0 info it worked if it ends with ok
1 verbose cli [ 'C:\\Program Files\\nodejs\\node.exe',
1 verbose cli   'C:\\Program Files\\nodejs\\node_modules\\npm\\bin\\npm-cli.js',
1 verbose cli   'start' ]
2 info using npm@3.10.10
3 info using node@v6.11.3
4 verbose run-script [ 'prestart', 'start', 'poststart' ]
5 info lifecycle mern@0.1.0~prestart: mern@0.1.0
6 silly lifecycle mern@0.1.0~prestart: no script for prestart, continuing
7 info lifecycle mern@0.1.0~start: mern@0.1.0
8 verbose lifecycle mern@0.1.0~start: unsafe-perm in lifecycle true
9 verbose lifecycle mern@0.1.0~start: PATH: C:\Program Files\nodejs\node_modules\npm\bin\node-gyp-bin;C:\Users\phatsicdev\Desktop\CBC\FullStack-Lesson-Plans\01-Class-Content\20-react\01-Activities\10-Stu_AJAXFormDelete\Solved\client\node_modules\.bin;C:\Program Files\nodejs\node_modules\npm\bin\node-gyp-bin;C:\Users\phatsicdev\Desktop\CBC\FullStack-Lesson-Plans\01-Class-Content\20-react\01-Activities\10-Stu_AJAXFormDelete\Solved\node_modules\.bin;C:\Users\phatsicdev\Desktop\CBC\FullStack-Lesson-Plans\01-Class-Content\20-react\01-Activities\10-Stu_AJAXFormDelete\Solved\node_modules\.bin;C:\Users\phatsicdev\AppData\Local\Yarn\config\link\node_modules\.bin;C:\Users\phatsicdev\Desktop\CBC\FullStack-Lesson-Plans\01-Class-Content\20-react\01-Activities\10-Stu_AJAXFormDelete\Solved\node_modules\.bin;C:\Users\phatsicdev\AppData\Local\Yarn\config\link\node_modules\.bin;C:\Users\phatsicdev\AppData\Local\Yarn\bin;C:\Program Files\lib\node_modules\npm\bin\node-gyp-bin;C:\Program Files\nodejs\node_modules\npm\bin\node-gyp-bin;C:\Users\phatsicdev\bin;C:\Program Files\Git\mingw64\bin;C:\Program Files\Git\usr\local\bin;C:\Program Files\Git\usr\bin;C:\Program Files\Git\usr\bin;C:\Program Files\Git\mingw64\bin;C:\Program Files\Git\usr\bin;C:\Users\phatsicdev\bin;C:\ProgramData\Oracle\Java\javapath;C:\Program Files (x86)\HP SimplePass 2011\x64;C:\Program Files (x86)\HP SimplePass 2011;C:\Program Files\Common Files\Microsoft Shared\Windows Live;C:\Program Files (x86)\Common Files\Microsoft Shared\Windows Live;C:\Windows\system32;C:\Windows;C:\Windows\System32\Wbem;C:\Windows\System32\WindowsPowerShell\v1.0;C:\Program Files (x86)\Common Files\Roxio Shared\DLLShared;C:\Program Files (x86)\Common Files\Roxio Shared\12.0\DLLShared;C:\Program Files (x86)\Windows Live\Shared;C:\Program Files\Intel\WiFi\bin;C:\Program Files\Common Files\Intel\WirelessCommon;C:\Program Files\Git\cmd;C:\Program Files\nodejs;C:\Program Files\Microsoft SQL Server\130\Tools\Binn;C:\Program Files\dotnet;C:\Program Files\MongoDB\Server\3.4\bin;C:\Program Files\Java\jdk-9.0.1\bin;C:\Users\phatsicdev\AppData\Roaming\npm;C:\Program Files\Heroku\bin;C:\Program Files\Git\usr\bin\vendor_perl;C:\Program Files\Git\usr\bin\core_perl
10 verbose lifecycle mern@0.1.0~start: CWD: C:\Users\phatsicdev\Desktop\CBC\FullStack-Lesson-Plans\01-Class-Content\20-react\01-Activities\10-Stu_AJAXFormDelete\Solved\client
11 silly lifecycle mern@0.1.0~start: Args: [ '/d /s /c', 'react-scripts start' ]
12 verbose stack Error: kill ENOSYS
12 verbose stack     at exports._errnoException (util.js:1020:11)
12 verbose stack     at process.kill (internal/process.js:190:13)
12 verbose stack     at process.listener (C:\Program Files\nodejs\node_modules\npm\node_modules\npmlog\node_modules\gauge\node_modules\signal-exit\index.js:86:15)
12 verbose stack     at emitNone (events.js:91:20)
12 verbose stack     at process.emit (events.js:185:7)
12 verbose stack     at processEmit (C:\Program Files\nodejs\node_modules\npm\node_modules\npmlog\node_modules\gauge\node_modules\signal-exit\index.js:146:32)
12 verbose stack     at processEmit (C:\Program Files\nodejs\node_modules\npm\node_modules\npm-registry-client\node_modules\npmlog\node_modules\gauge\node_modules\signal-exit\index.js:146:32)
12 verbose stack     at Signal.wrap.onsignal (internal/process.js:217:44)
13 verbose cwd C:\Users\phatsicdev\Desktop\CBC\FullStack-Lesson-Plans\01-Class-Content\20-react\01-Activities\10-Stu_AJAXFormDelete\Solved\client
14 error Windows_NT 6.1.7601
15 error argv "C:\\Program Files\\nodejs\\node.exe" "C:\\Program Files\\nodejs\\node_modules\\npm\\bin\\npm-cli.js" "start"
16 error node v6.11.3
17 error npm  v3.10.10
18 error code ENOSYS
19 error errno ENOSYS
20 error syscall kill
21 error kill ENOSYS
22 error If you need help, you may report this error at:
22 error     <https://github.com/npm/npm/issues>
23 verbose exit [ 1, true ]
